<?xml version="1.0" encoding="UTF-8"?>
<!-- Generated by org.testng.reporters.JUnitXMLReporter -->
<testsuite ignored="0" hostname="DESKTOP-94LS7CI" failures="0" tests="4" name="Test" time="10.25" errors="0" timestamp="13 Oct 2021 09:35:50 GMT">
  <testcase classname="appTest.AppTest" name="logintest" time="0.004"/>
  <testcase classname="appTest.AppTest" name="logintest2" time="0.001"/>
  <testcase classname="appTest.NumberComparison" name="intComparison" time="0.0"/>
  <testcase classname="appTest.SeleniumDev" name="titletest" time="2.408"/>
</testsuite> <!-- Test -->
