<?xml version="1.0" encoding="UTF-8"?>
<testng-results ignored="0" total="4" passed="4" failed="0" skipped="0">
  <reporter-output>
  </reporter-output>
  <suite started-at="2021-10-13T09:35:39Z" name="Suite" finished-at="2021-10-13T09:35:50Z" duration-ms="10250">
    <groups>
    </groups>
    <test started-at="2021-10-13T09:35:39Z" name="Test" finished-at="2021-10-13T09:35:50Z" duration-ms="10250">
      <class name="appTest.SeleniumDev">
        <test-method is-config="true" signature="beforeTest()[pri:0, instance:appTest.SeleniumDev@1205bd62]" started-at="2021-10-13T09:35:39Z" name="beforeTest" finished-at="2021-10-13T09:35:44Z" duration-ms="4117" status="PASS">
          <reporter-output>
          </reporter-output>
        </test-method> <!-- beforeTest -->
        <test-method signature="titletest()[pri:0, instance:appTest.SeleniumDev@1205bd62]" started-at="2021-10-13T09:35:44Z" name="titletest" finished-at="2021-10-13T09:35:46Z" duration-ms="2408" status="PASS">
          <reporter-output>
          </reporter-output>
        </test-method> <!-- titletest -->
        <test-method is-config="true" signature="afterTest()[pri:0, instance:appTest.SeleniumDev@1205bd62]" started-at="2021-10-13T09:35:46Z" name="afterTest" finished-at="2021-10-13T09:35:50Z" duration-ms="3682" status="PASS">
          <reporter-output>
          </reporter-output>
        </test-method> <!-- afterTest -->
      </class> <!-- appTest.SeleniumDev -->
      <class name="appTest.NumberComparison">
        <test-method signature="intComparison()[pri:0, instance:appTest.NumberComparison@490caf5f]" started-at="2021-10-13T09:35:44Z" name="intComparison" finished-at="2021-10-13T09:35:44Z" duration-ms="0" status="PASS">
          <reporter-output>
          </reporter-output>
        </test-method> <!-- intComparison -->
      </class> <!-- appTest.NumberComparison -->
      <class name="appTest.AppTest">
        <test-method signature="logintest()[pri:0, instance:appTest.AppTest@7ef27d7f]" started-at="2021-10-13T09:35:44Z" name="logintest" description="login with valid details" finished-at="2021-10-13T09:35:44Z" duration-ms="4" status="PASS">
          <reporter-output>
          </reporter-output>
        </test-method> <!-- logintest -->
        <test-method signature="logintest2()[pri:0, instance:appTest.AppTest@7ef27d7f]" started-at="2021-10-13T09:35:44Z" name="logintest2" description="login with valid details" finished-at="2021-10-13T09:35:44Z" duration-ms="1" status="PASS">
          <reporter-output>
          </reporter-output>
        </test-method> <!-- logintest2 -->
      </class> <!-- appTest.AppTest -->
    </test> <!-- Test -->
  </suite> <!-- Suite -->
</testng-results>
