<?xml version="1.0" encoding="UTF-8"?>
<testng-results skipped="0" failed="0" ignored="0" total="1" passed="1">
  <reporter-output>
  </reporter-output>
  <suite name="Default suite" duration-ms="15478" started-at="2021-10-13T09:28:36Z" finished-at="2021-10-13T09:28:51Z">
    <groups>
    </groups>
    <test name="Default test" duration-ms="15478" started-at="2021-10-13T09:28:36Z" finished-at="2021-10-13T09:28:51Z">
      <class name="appTest.SeleniumDev">
        <test-method status="PASS" signature="beforeTest()[pri:0, instance:appTest.SeleniumDev@3c9d0b9d]" name="beforeTest" is-config="true" duration-ms="4072" started-at="2021-10-13T09:28:36Z" finished-at="2021-10-13T09:28:40Z">
          <reporter-output>
          </reporter-output>
        </test-method> <!-- beforeTest -->
        <test-method status="PASS" signature="titletest()[pri:0, instance:appTest.SeleniumDev@3c9d0b9d]" name="titletest" duration-ms="7710" started-at="2021-10-13T09:28:40Z" finished-at="2021-10-13T09:28:48Z">
          <reporter-output>
          </reporter-output>
        </test-method> <!-- titletest -->
        <test-method status="PASS" signature="afterTest()[pri:0, instance:appTest.SeleniumDev@3c9d0b9d]" name="afterTest" is-config="true" duration-ms="3651" started-at="2021-10-13T09:28:48Z" finished-at="2021-10-13T09:28:51Z">
          <reporter-output>
          </reporter-output>
        </test-method> <!-- afterTest -->
      </class> <!-- appTest.SeleniumDev -->
    </test> <!-- Default test -->
  </suite> <!-- Default suite -->
</testng-results>
